-3088	1
-2985	1
-2978	1
-2960	1
-2953	1
-2948	1
-2946	1
-2940	1
-2930	1
-2926	1
-2925	1
-2923	1
-2921	1
-2918	2
-2917	1
-2915	1
-2912	1
-2905	1
-2903	1
-2895	1
-2894	1
-2893	1
-2892	1
-2891	1
-2890	1
-2888	2
-2887	2
-2885	1
-2883	2
-2880	1
-2879	1
-2875	1
-2874	1
-2873	1
-2872	1
-2871	2
-2869	1
-2868	1
-2867	1
-2866	1
-2865	2
-2864	1
-2863	1
-2862	1
-2858	2
-2857	1
-2856	1
-2854	2
-2851	1
-2849	2
-2848	2
-2846	3
-2844	1
-2842	2
-2841	1
-2840	5
-2837	1
-2836	3
-2834	2
-2832	1
-2830	2
-2829	1
-2828	2
-2826	3
-2825	1
-2823	1
-2822	1
-2819	2
-2817	1
-2816	3
-2814	1
-2813	1
-2812	2
-2810	3
-2808	2
-2806	2
-2802	1
-2799	2
-2793	1
-2792	1
-2788	1
-2785	1
-2783	1
-2782	1
-2781	2
-2778	1
-2777	1
-2775	1
-2771	1
-2769	1
-2767	1
-2764	2
-2762	3
-2761	1
-2755	1
-2752	1
-2750	3
-2749	3
-2748	1
-2747	2
-2746	1
-2744	2
-2743	1
-2742	1
-2741	1
-2739	1
-2735	1
-2734	1
-2731	2
-2730	2
-2727	1
-2726	1
-2725	2
-2723	1
-2722	1
-2721	2
-2717	1
-2716	1
-2714	1
-2713	1
-2712	1
-2711	1
-2709	2
-2708	1
-2707	2
-2704	1
-2703	1
-2702	1
-2698	1
-2694	1
-2693	2
-2691	4
-2688	1
-2687	1
-2685	3
-2684	1
-2682	2
-2681	2
-2680	1
-2679	1
-2678	1
-2677	2
-2676	1
-2675	1
-2674	2
-2671	1
-2669	1
-2668	1
-2667	1
-2666	1
-2664	2
-2663	1
-2661	2
-2658	1
-2657	1
-2652	2
-2650	1
-2649	1
-2646	1
-2645	1
-2644	1
-2641	1
-2640	1
-2638	2
-2635	1
-2634	1
-2633	1
-2632	1
-2631	1
-2629	3
-2627	1
-2624	1
-2623	1
-2622	1
-2619	2
-2616	1
-2614	2
-2612	1
-2611	1
-2608	1
-2606	1
-2603	2
-2599	2
-2598	3
-2595	1
-2592	1
-2590	1
-2589	2
-2588	1
-2586	1
-2584	1
-2583	2
-2582	1
-2581	1
-2578	1
-2577	2
-2575	1
-2572	3
-2570	2
-2569	1
-2567	2
-2566	1
-2565	1
-2564	1
-2563	1
-2562	1
-2561	1
-2560	2
-2559	1
-2558	1
-2557	2
-2556	1
-2553	1
-2549	1
-2548	1
-2547	2
-2542	1
-2539	1
-2535	1
-2533	1
-2530	1
-2527	1
-2524	2
-2523	2
-2515	1
-2514	2
-2513	1
-2511	1
-2507	2
-2506	1
-2504	1
-2501	2
-2500	1
-2497	1
-2492	1
-2491	1
-2490	1
-2489	1
-2486	1
-2481	1
-2478	2
-2477	1
-2472	1
-2470	1
-2468	1
-2464	1
-2461	1
-2460	2
-2458	1
-2454	1
-2453	2
-2451	2
-2449	2
-2446	1
-2445	1
-2444	2
-2442	1
-2441	1
-2440	2
-2439	1
-2436	1
-2432	1
-2430	1
-2429	1
-2428	1
-2422	1
-2419	1
-2416	1
-2415	2
-2413	1
-2411	1
-2410	1
-2407	2
-2403	1
-2402	2
-2398	1
-2397	1
-2396	1
-2389	1
-2386	1
-2383	1
-2382	2
-2381	1
-2380	1
-2373	1
-2370	1
-2367	1
-2365	2
-2363	2
-2362	2
-2357	1
-2356	2
-2354	1
-2349	1
-2348	1
-2343	1
-2340	1
-2339	1
-2338	2
-2336	2
-2325	1
-2324	1
-2322	1
-2320	1
-2319	1
-2313	1
-2311	1
-2309	2
-2307	1
-2304	1
-2301	2
-2299	1
-2298	1
-2295	2
-2294	1
-2293	1
-2292	2
-2281	2
-2279	1
-2278	1
-2277	1
-2276	1
-2271	1
-2269	1
-2262	3
-2260	2
-2259	1
-2257	1
-2256	1
-2253	1
-2252	1
-2247	1
-2241	1
-2240	1
-2233	1
-2232	2
-2223	1
-2222	1
-2220	1
-2219	1
-2217	1
-2215	1
-2213	1
-2211	1
-2207	1
-2201	1
-2198	1
-2188	2
-2187	1
-2185	1
-2184	2
-2183	1
-2182	1
-2181	1
-2178	2
-2176	1
-2175	1
-2174	1
-2172	1
-2168	1
-2166	2
-2160	1
-2159	1
-2156	3
-2154	1
-2144	1
-2140	1
-2138	2
-2137	1
-2132	1
-2128	1
-2126	1
-2120	1
-2115	1
-2112	1
-2111	1
-2107	1
-2105	1
-2100	1
-2098	1
-2096	1
-2092	1
-2091	1
-2079	1
-2078	1
-2077	1
-2072	1
-2071	1
-2068	1
-2067	1
-2065	1
-2059	1
-2050	2
-2049	1
-2045	1
-2044	1
-2043	1
-2042	1
-2037	1
-2034	2
-2030	1
-2028	1
-2017	2
-2016	2
-2014	3
-2011	2
-2010	1
-2009	1
-2004	2
-1997	1
-1996	1
-1986	1
-1984	1
-1981	1
-1980	2
-1979	1
-1977	2
-1975	1
-1972	1
-1966	1
-1965	1
-1964	1
-1958	1
-1957	1
-1956	1
-1954	1
-1953	1
-1952	1
-1948	1
-1944	1
-1943	1
-1940	1
-1939	1
-1938	1
-1934	1
-1933	1
-1922	2
-1920	1
-1918	1
-1917	1
-1915	1
-1908	1
-1905	1
-1904	1
-1903	1
-1899	2
-1896	1
-1890	1
-1888	1
-1886	1
-1880	1
-1878	2
-1873	1
-1872	2
-1871	1
-1868	3
-1867	1
-1866	1
-1865	2
-1864	1
-1863	1
-1862	2
-1860	1
-1858	1
-1857	1
-1854	2
-1853	2
-1850	1
-1849	2
-1848	1
-1846	1
-1845	1
-1844	1
-1843	1
-1841	1
-1839	1
-1838	1
-1837	3
-1834	2
-1833	2
-1831	1
-1830	1
-1829	2
-1826	2
-1825	1
-1822	1
-1820	2
-1819	1
-1818	1
-1816	2
-1813	1
-1812	1
-1811	2
-1810	1
-1806	1
-1805	1
-1804	1
-1800	1
-1798	1
-1797	2
-1796	2
-1794	1
-1790	1
-1788	1
-1787	2
-1786	1
-1785	1
-1784	1
-1783	1
-1780	3
-1779	2
-1776	2
-1775	3
-1774	2
-1771	2
-1770	1
-1768	1
-1767	1
-1763	2
-1762	2
-1761	2
-1759	1
-1758	1
-1757	2
-1756	1
-1754	1
-1753	1
-1751	1
-1749	4
-1748	1
-1745	3
-1741	5
-1737	1
-1734	1
-1732	1
-1731	1
-1730	3
-1729	2
-1728	1
-1727	3
-1726	2
-1725	4
-1724	1
-1723	2
-1721	2
-1719	3
-1718	2
-1717	2
-1716	1
-1712	1
-1710	1
-1709	3
-1708	2
-1707	1
-1705	4
-1701	1
-1700	1
-1699	1
-1698	1
-1696	2
-1695	3
-1694	1
-1691	4
-1690	3
-1688	3
-1687	1
-1686	1
-1685	2
-1683	2
-1682	1
-1681	1
-1680	1
-1679	1
-1677	1
-1676	1
-1674	1
-1673	1
-1672	1
-1668	1
-1666	1
-1665	2
-1663	1
-1662	2
-1660	1
-1658	2
-1656	2
-1655	2
-1654	3
-1652	2
-1651	1
-1650	3
-1649	2
-1648	4
-1647	2
-1645	3
-1644	1
-1643	1
-1642	1
-1641	4
-1640	1
-1637	4
-1636	2
-1635	1
-1634	2
-1632	1
-1631	2
-1630	2
-1629	1
-1628	3
-1627	5
-1626	1
-1625	1
-1624	8
-1622	2
-1620	1
-1617	2
-1616	1
-1615	1
-1614	4
-1613	3
-1612	3
-1611	1
-1610	1
-1609	3
-1608	1
-1607	2
-1606	1
-1604	1
-1602	1
-1601	4
-1600	2
-1599	5
-1598	2
-1597	4
-1595	4
-1594	1
-1593	2
-1592	1
-1591	2
-1590	2
-1589	1
-1588	2
-1587	2
-1586	1
-1585	2
-1583	2
-1582	5
-1581	1
-1580	3
-1579	4
-1578	2
-1577	2
-1576	2
-1575	3
-1574	2
-1573	1
-1572	2
-1571	1
-1570	1
-1569	2
-1568	2
-1567	1
-1566	1
-1564	1
-1563	1
-1562	2
-1561	1
-1560	4
-1559	3
-1557	2
-1556	2
-1554	3
-1553	2
-1552	1
-1551	5
-1550	3
-1549	1
-1548	1
-1547	2
-1546	5
-1545	2
-1544	3
-1542	2
-1541	2
-1540	2
-1539	2
-1538	2
-1537	2
-1536	4
-1535	1
-1532	3
-1531	3
-1530	2
-1529	3
-1527	2
-1525	3
-1524	4
-1523	1
-1522	4
-1521	3
-1520	4
-1518	1
-1517	1
-1516	1
-1515	2
-1514	5
-1513	2
-1512	3
-1511	2
-1510	2
-1509	2
-1508	3
-1507	3
-1506	5
-1505	1
-1504	2
-1503	2
-1502	2
-1501	5
-1500	1
-1499	4
-1498	5
-1497	2
-1496	3
-1495	1
-1494	2
-1493	4
-1492	3
-1491	1
-1490	1
-1489	2
-1488	2
-1487	2
-1486	1
-1485	2
-1484	3
-1483	3
-1482	3
-1481	7
-1480	3
-1479	1
-1478	7
-1477	4
-1476	2
-1475	1
-1474	2
-1473	1
-1472	2
-1471	2
-1470	7
-1469	3
-1468	3
-1467	1
-1466	3
-1465	3
-1464	1
-1463	2
-1462	2
-1461	5
-1460	3
-1459	2
-1458	3
-1456	5
-1455	1
-1454	2
-1453	3
-1452	2
-1450	2
-1449	4
-1448	5
-1447	3
-1446	2
-1445	7
-1444	2
-1443	2
-1442	1
-1441	5
-1440	3
-1438	3
-1437	4
-1436	4
-1435	1
-1434	1
-1433	2
-1432	2
-1431	4
-1430	3
-1429	4
-1428	2
-1427	5
-1426	3
-1425	6
-1424	5
-1423	4
-1421	4
-1420	3
-1419	5
-1418	4
-1417	2
-1416	8
-1415	2
-1414	2
-1413	5
-1412	1
-1411	4
-1410	1
-1409	4
-1408	3
-1407	5
-1406	1
-1405	3
-1404	1
-1403	6
-1402	3
-1401	3
-1400	6
-1399	2
-1398	8
-1397	6
-1396	5
-1395	6
-1394	6
-1393	2
-1392	3
-1391	3
-1390	5
-1389	2
-1388	1
-1386	4
-1385	6
-1384	1
-1383	2
-1382	3
-1381	2
-1379	2
-1378	4
-1377	3
-1376	4
-1375	5
-1374	5
-1373	4
-1372	1
-1371	1
-1370	6
-1369	3
-1368	6
-1367	1
-1366	2
-1365	7
-1364	2
-1362	3
-1361	3
-1360	4
-1359	2
-1358	1
-1357	4
-1356	3
-1355	6
-1354	4
-1353	2
-1352	5
-1351	2
-1350	3
-1349	2
-1348	5
-1347	7
-1346	4
-1345	4
-1344	1
-1343	2
-1342	4
-1341	1
-1340	3
-1339	4
-1338	5
-1337	4
-1336	3
-1335	1
-1334	3
-1333	3
-1332	1
-1331	4
-1330	3
-1329	3
-1328	4
-1327	2
-1326	7
-1324	4
-1323	5
-1322	4
-1321	2
-1320	5
-1319	1
-1318	6
-1317	5
-1316	1
-1315	2
-1314	5
-1313	1
-1312	3
-1311	4
-1310	5
-1309	3
-1308	2
-1307	2
-1306	2
-1305	6
-1304	4
-1303	1
-1302	4
-1301	3
-1300	1
-1299	8
-1297	2
-1296	3
-1295	3
-1294	3
-1293	2
-1292	5
-1291	7
-1290	5
-1289	1
-1288	7
-1287	7
-1286	4
-1285	3
-1284	3
-1283	3
-1282	3
-1281	4
-1280	7
-1279	5
-1278	5
-1277	4
-1276	6
-1275	7
-1274	6
-1273	2
-1272	2
-1271	5
-1270	5
-1269	1
-1268	2
-1267	4
-1266	4
-1265	6
-1264	3
-1263	2
-1262	2
-1261	2
-1260	3
-1259	2
-1258	4
-1257	2
-1256	3
-1255	7
-1254	1
-1253	2
-1252	4
-1251	3
-1250	3
-1249	2
-1248	2
-1247	3
-1246	2
-1245	3
-1244	5
-1243	6
-1242	6
-1241	3
-1240	2
-1239	6
-1238	3
-1237	3
-1236	2
-1235	3
-1233	2
-1232	7
-1231	4
-1229	4
-1228	4
-1227	3
-1226	2
-1225	3
-1224	4
-1223	4
-1222	1
-1220	6
-1219	3
-1217	5
-1216	4
-1215	3
-1214	4
-1213	4
-1212	1
-1211	8
-1210	5
-1209	6
-1208	3
-1207	9
-1206	5
-1205	5
-1204	3
-1202	4
-1201	3
-1200	4
-1199	4
-1198	5
-1197	1
-1196	7
-1195	2
-1194	2
-1193	6
-1192	4
-1191	6
-1190	6
-1189	4
-1188	5
-1187	4
-1186	10
-1185	3
-1184	3
-1183	2
-1182	3
-1181	1
-1180	2
-1179	5
-1178	3
-1177	8
-1176	4
-1175	5
-1174	8
-1173	3
-1172	3
-1171	6
-1170	6
-1169	8
-1168	4
-1167	7
-1166	5
-1165	8
-1164	4
-1163	3
-1162	2
-1161	6
-1160	2
-1159	6
-1158	2
-1157	6
-1156	2
-1155	3
-1154	5
-1153	7
-1152	5
-1151	7
-1150	3
-1149	4
-1148	6
-1147	8
-1146	6
-1145	5
-1144	4
-1143	4
-1142	8
-1141	5
-1140	6
-1139	3
-1138	2
-1137	5
-1136	4
-1135	3
-1134	10
-1133	7
-1132	3
-1131	2
-1130	5
-1129	5
-1128	8
-1127	6
-1126	4
-1125	2
-1124	6
-1123	7
-1122	6
-1121	5
-1120	2
-1119	1
-1118	5
-1117	9
-1116	8
-1115	4
-1114	5
-1113	7
-1112	5
-1111	8
-1110	6
-1109	5
-1108	4
-1107	5
-1106	3
-1105	6
-1104	6
-1103	9
-1102	7
-1101	7
-1100	5
-1099	7
-1098	7
-1097	5
-1096	4
-1095	5
-1094	4
-1093	3
-1092	5
-1091	5
-1090	7
-1089	10
-1088	6
-1087	5
-1086	5
-1085	4
-1084	6
-1083	3
-1082	5
-1081	9
-1080	8
-1079	7
-1078	5
-1077	3
-1076	6
-1075	9
-1074	4
-1073	7
-1072	8
-1071	5
-1070	3
-1069	11
-1068	12
-1067	6
-1066	1
-1065	5
-1064	2
-1063	5
-1062	7
-1061	2
-1060	4
-1059	4
-1058	5
-1057	4
-1056	4
-1055	3
-1054	3
-1053	7
-1052	7
-1051	4
-1050	7
-1049	4
-1048	4
-1047	5
-1046	4
-1045	4
-1044	7
-1043	7
-1042	5
-1041	5
-1040	6
-1039	10
-1038	6
-1037	7
-1036	5
-1035	5
-1034	7
-1033	6
-1032	1
-1031	6
-1030	8
-1029	8
-1028	5
-1027	7
-1026	3
-1025	7
-1024	8
-1023	6
-1022	7
-1021	6
-1020	5
-1019	7
-1018	9
-1017	11
-1016	3
-1015	3
-1014	9
-1013	8
-1012	7
-1011	9
-1010	9
-1009	10
-1008	4
-1007	5
-1006	9
-1005	9
-1004	9
-1003	8
-1002	10
-1001	7
-1000	9
-999	13
-998	8
-997	5
-996	11
-995	12
-994	9
-993	6
-992	3
-991	11
-990	4
-989	11
-988	9
-987	12
-986	6
-985	15
-984	15
-983	6
-982	9
-981	7
-980	8
-979	9
-978	11
-977	13
-976	7
-975	9
-974	13
-973	6
-972	14
-971	11
-970	7
-969	7
-968	8
-967	11
-966	8
-965	9
-964	9
-963	7
-962	15
-961	9
-960	12
-959	11
-958	6
-957	9
-956	13
-955	11
-954	8
-953	9
-952	5
-951	10
-950	5
-949	10
-948	9
-947	11
-946	14
-945	12
-944	9
-943	8
-942	10
-941	6
-940	6
-939	10
-938	4
-937	7
-936	10
-935	5
-934	11
-933	10
-932	7
-931	17
-930	13
-929	7
-928	7
-927	15
-926	11
-925	4
-924	8
-923	8
-922	11
-921	10
-920	9
-919	13
-918	9
-917	5
-916	11
-915	7
-914	12
-913	5
-912	16
-911	9
-910	10
-909	15
-908	11
-907	8
-906	9
-905	10
-904	8
-903	11
-902	15
-901	11
-900	8
-899	17
-898	8
-897	7
-896	12
-895	9
-894	16
-893	12
-892	7
-891	13
-890	10
-889	17
-888	8
-887	10
-886	9
-885	6
-884	10
-883	14
-882	16
-881	7
-880	11
-879	10
-878	13
-877	9
-876	21
-875	15
-874	12
-873	14
-872	17
-871	6
-870	13
-869	9
-868	9
-867	14
-866	9
-865	12
-864	7
-863	14
-862	12
-861	14
-860	13
-859	12
-858	11
-857	17
-856	14
-855	22
-854	20
-853	17
-852	9
-851	10
-850	8
-849	14
-848	16
-847	12
-846	13
-845	11
-844	10
-843	12
-842	9
-841	10
-840	13
-839	12
-838	15
-837	16
-836	12
-835	19
-834	14
-833	11
-832	18
-831	20
-830	8
-829	15
-828	9
-827	9
-826	13
-825	16
-824	21
-823	15
-822	17
-821	12
-820	7
-819	16
-818	13
-817	17
-816	17
-815	13
-814	20
-813	20
-812	15
-811	10
-810	13
-809	21
-808	11
-807	11
-806	16
-805	16
-804	26
-803	11
-802	17
-801	20
-800	20
-799	18
-798	19
-797	19
-796	26
-795	21
-794	21
-793	26
-792	23
-791	23
-790	18
-789	18
-788	12
-787	15
-786	16
-785	18
-784	30
-783	22
-782	14
-781	19
-780	20
-779	21
-778	16
-777	14
-776	27
-775	20
-774	21
-773	26
-772	17
-771	19
-770	23
-769	22
-768	17
-767	21
-766	19
-765	18
-764	18
-763	20
-762	24
-761	21
-760	15
-759	14
-758	23
-757	20
-756	27
-755	27
-754	12
-753	22
-752	32
-751	17
-750	19
-749	20
-748	15
-747	13
-746	27
-745	18
-744	19
-743	26
-742	17
-741	23
-740	22
-739	19
-738	21
-737	14
-736	19
-735	21
-734	30
-733	21
-732	21
-731	29
-730	26
-729	26
-728	19
-727	20
-726	23
-725	28
-724	15
-723	29
-722	19
-721	29
-720	21
-719	38
-718	29
-717	28
-716	33
-715	25
-714	22
-713	23
-712	27
-711	19
-710	29
-709	20
-708	19
-707	22
-706	24
-705	29
-704	29
-703	24
-702	24
-701	25
-700	19
-699	25
-698	35
-697	25
-696	30
-695	25
-694	25
-693	26
-692	34
-691	27
-690	25
-689	23
-688	27
-687	25
-686	29
-685	31
-684	29
-683	26
-682	31
-681	30
-680	24
-679	38
-678	35
-677	24
-676	31
-675	34
-674	30
-673	22
-672	37
-671	33
-670	27
-669	45
-668	34
-667	35
-666	40
-665	35
-664	31
-663	30
-662	38
-661	30
-660	36
-659	31
-658	28
-657	32
-656	37
-655	25
-654	30
-653	26
-652	39
-651	26
-650	38
-649	39
-648	39
-647	39
-646	37
-645	35
-644	31
-643	44
-642	28
-641	36
-640	35
-639	28
-638	31
-637	42
-636	37
-635	43
-634	40
-633	35
-632	36
-631	28
-630	43
-629	40
-628	37
-627	44
-626	40
-625	35
-624	36
-623	43
-622	45
-621	26
-620	54
-619	39
-618	32
-617	44
-616	49
-615	43
-614	60
-613	48
-612	43
-611	51
-610	35
-609	46
-608	44
-607	52
-606	52
-605	45
-604	57
-603	57
-602	45
-601	70
-600	47
-599	36
-598	67
-597	49
-596	43
-595	48
-594	56
-593	47
-592	50
-591	46
-590	53
-589	53
-588	60
-587	46
-586	61
-585	50
-584	53
-583	53
-582	59
-581	56
-580	59
-579	64
-578	47
-577	63
-576	45
-575	42
-574	70
-573	54
-572	42
-571	53
-570	59
-569	62
-568	61
-567	67
-566	70
-565	76
-564	52
-563	62
-562	71
-561	58
-560	62
-559	63
-558	62
-557	75
-556	78
-555	69
-554	67
-553	67
-552	73
-551	85
-550	68
-549	73
-548	53
-547	81
-546	65
-545	67
-544	87
-543	70
-542	67
-541	82
-540	89
-539	62
-538	78
-537	78
-536	67
-535	78
-534	74
-533	73
-532	88
-531	70
-530	88
-529	81
-528	69
-527	93
-526	70
-525	93
-524	83
-523	74
-522	91
-521	82
-520	87
-519	82
-518	97
-517	92
-516	93
-515	95
-514	90
-513	92
-512	95
-511	111
-510	100
-509	87
-508	98
-507	86
-506	76
-505	103
-504	84
-503	99
-502	89
-501	86
-500	97
-499	101
-498	104
-497	100
-496	97
-495	75
-494	104
-493	121
-492	106
-491	99
-490	103
-489	129
-488	110
-487	89
-486	103
-485	101
-484	92
-483	138
-482	121
-481	118
-480	114
-479	124
-478	125
-477	104
-476	115
-475	125
-474	123
-473	124
-472	111
-471	129
-470	119
-469	120
-468	134
-467	145
-466	140
-465	136
-464	134
-463	123
-462	136
-461	140
-460	143
-459	160
-458	139
-457	146
-456	132
-455	159
-454	125
-453	153
-452	141
-451	131
-450	152
-449	143
-448	168
-447	159
-446	168
-445	169
-444	158
-443	164
-442	168
-441	156
-440	167
-439	191
-438	148
-437	193
-436	192
-435	165
-434	191
-433	180
-432	183
-431	177
-430	147
-429	164
-428	179
-427	188
-426	210
-425	187
-424	198
-423	210
-422	210
-421	196
-420	183
-419	197
-418	184
-417	201
-416	193
-415	216
-414	216
-413	213
-412	236
-411	197
-410	221
-409	213
-408	205
-407	199
-406	223
-405	236
-404	200
-403	249
-402	217
-401	240
-400	256
-399	233
-398	230
-397	233
-396	246
-395	212
-394	232
-393	222
-392	238
-391	237
-390	283
-389	239
-388	257
-387	231
-386	250
-385	266
-384	258
-383	249
-382	254
-381	278
-380	266
-379	231
-378	270
-377	257
-376	236
-375	268
-374	278
-373	267
-372	295
-371	271
-370	288
-369	290
-368	289
-367	275
-366	291
-365	318
-364	295
-363	300
-362	305
-361	321
-360	305
-359	304
-358	328
-357	307
-356	297
-355	351
-354	326
-353	341
-352	324
-351	346
-350	353
-349	333
-348	346
-347	352
-346	370
-345	345
-344	357
-343	346
-342	363
-341	372
-340	369
-339	381
-338	356
-337	372
-336	401
-335	372
-334	375
-333	386
-332	393
-331	424
-330	406
-329	415
-328	414
-327	414
-326	457
-325	414
-324	384
-323	448
-322	411
-321	432
-320	408
-319	455
-318	452
-317	482
-316	446
-315	460
-314	465
-313	487
-312	495
-311	450
-310	492
-309	485
-308	509
-307	513
-306	516
-305	486
-304	498
-303	472
-302	501
-301	501
-300	533
-299	545
-298	533
-297	560
-296	560
-295	603
-294	529
-293	586
-292	620
-291	577
-290	551
-289	612
-288	623
-287	605
-286	611
-285	622
-284	625
-283	662
-282	640
-281	627
-280	598
-279	672
-278	691
-277	727
-276	670
-275	680
-274	717
-273	646
-272	662
-271	669
-270	679
-269	709
-268	702
-267	694
-266	744
-265	723
-264	748
-263	774
-262	742
-261	772
-260	730
-259	784
-258	778
-257	839
-256	797
-255	833
-254	757
-253	818
-252	865
-251	829
-250	858
-249	840
-248	855
-247	894
-246	851
-245	907
-244	879
-243	883
-242	872
-241	894
-240	904
-239	969
-238	944
-237	978
-236	964
-235	986
-234	956
-233	968
-232	1050
-231	1092
-230	1054
-229	1027
-228	1101
-227	1039
-226	1070
-225	1051
-224	1154
-223	1151
-222	1074
-221	1138
-220	1202
-219	1183
-218	1191
-217	1176
-216	1202
-215	1279
-214	1211
-213	1201
-212	1214
-211	1310
-210	1303
-209	1291
-208	1311
-207	1267
-206	1342
-205	1349
-204	1389
-203	1346
-202	1459
-201	1413
-200	1404
-199	1337
-198	1499
-197	1441
-196	1466
-195	1443
-194	1539
-193	1523
-192	1555
-191	1620
-190	1579
-189	1599
-188	1607
-187	1695
-186	1597
-185	1732
-184	1725
-183	1633
-182	1699
-181	1727
-180	1757
-179	1767
-178	1802
-177	1783
-176	1879
-175	1927
-174	1953
-173	1984
-172	1927
-171	1960
-170	1997
-169	2057
-168	2061
-167	2108
-166	2092
-165	2035
-164	2191
-163	2204
-162	2178
-161	2244
-160	2245
-159	2190
-158	2230
-157	2354
-156	2295
-155	2377
-154	2404
-153	2330
-152	2433
-151	2514
-150	2524
-149	2541
-148	2613
-147	2663
-146	2607
-145	2665
-144	2747
-143	2735
-142	2854
-141	2796
-140	2874
-139	2952
-138	2917
-137	2942
-136	3028
-135	3041
-134	3073
-133	3156
-132	3147
-131	3214
-130	3304
-129	3202
-128	3216
-127	3339
-126	3437
-125	3467
-124	3341
-123	3568
-122	3595
-121	3682
-120	3583
-119	3676
-118	3693
-117	3866
-116	3870
-115	3932
-114	3971
-113	4040
-112	4004
-111	4162
-110	4134
-109	4208
-108	4302
-107	4255
-106	4406
-105	4405
-104	4445
-103	4586
-102	4586
-101	4806
-100	4757
-99	4805
-98	4808
-97	4899
-96	5152
-95	5062
-94	5076
-93	5271
-92	5374
-91	5417
-90	5392
-89	5601
-88	5554
-87	5650
-86	5789
-85	5790
-84	5864
-83	6029
-82	6022
-81	6119
-80	6446
-79	6312
-78	6359
-77	6565
-76	6517
-75	6837
-74	6784
-73	6927
-72	7227
-71	7155
-70	7128
-69	7199
-68	7640
-67	7637
-66	7663
-65	7776
-64	7740
-63	7978
-62	8047
-61	8053
-60	8263
-59	8337
-58	8608
-57	8777
-56	8801
-55	8974
-54	8991
-53	9151
-52	9363
-51	9414
-50	9624
-49	9759
-48	9885
-47	10059
-46	9995
-45	10488
-44	10660
-43	10654
-42	10801
-41	11089
-40	11185
-39	11449
-38	11546
-37	11789
-36	11909
-35	12164
-34	12235
-33	12703
-32	12920
-31	13161
-30	13245
-29	13747
-28	13864
-27	14103
-26	14291
-25	14767
-24	15083
-23	15453
-22	16102
-21	16642
-20	16963
-19	17443
-18	17935
-17	18518
-16	19270
-15	20314
-14	21144
-13	21992
-12	23209
-11	24777
-10	26483
-9	28538
-8	31417
-7	34262
-6	38667
-5	44456
-4	52878
-3	64542
-2	84063
-1	123403
0	158435
1	7897817
2	3186761
3	1850519
4	1235042
5	893746
6	679917
7	538313
8	437135
9	362562
10	305979
11	261210
12	226841
13	199158
14	174723
15	155218
16	138622
17	124678
18	112304
19	101954
20	93013
21	85024
22	77475
23	71534
24	65725
25	60705
26	55544
27	52258
28	48004
29	44882
30	41592
31	38941
32	36580
33	34544
34	32600
35	30380
36	28451
37	26998
38	25493
39	23677
40	22499
41	21267
42	20486
43	19413
44	18189
45	17375
46	16652
47	15439
48	14789
49	14056
50	13624
51	13089
52	12353
53	11749
54	11164
55	10883
56	10262
57	9823
58	9424
59	8937
60	8414
61	8295
62	7887
63	7712
64	7281
65	7060
66	6850
67	6490
68	6210
69	5942
70	5941
71	5690
72	5497
73	5211
74	5009
75	4906
76	4598
77	4518
78	4355
79	4213
80	4134
81	3888
82	3810
83	3699
84	3504
85	3440
86	3279
87	3174
88	2973
89	2984
90	2846
91	2840
92	2775
93	2664
94	2594
95	2418
96	2400
97	2340
98	2278
99	2204
100	2169
101	2023
102	2032
103	1986
104	1960
105	1843
106	1777
107	1821
108	1736
109	1621
110	1627
111	1567
112	1547
113	1424
114	1450
115	1384
116	1469
117	1357
118	1269
119	1273
120	1205
121	1181
122	1209
123	1189
124	1100
125	1092
126	1034
127	1013
128	966
129	941
130	934
131	933
132	933
133	837
134	867
135	805
136	826
137	834
138	809
139	784
140	762
141	762
142	735
143	680
144	676
145	640
146	632
147	654
148	629
149	577
150	570
151	570
152	567
153	525
154	535
155	529
156	495
157	500
158	515
159	469
160	486
161	448
162	449
163	408
164	469
165	446
166	415
167	444
168	377
169	388
170	361
171	384
172	359
173	352
174	346
175	324
176	349
177	343
178	321
179	300
180	298
181	303
182	321
183	299
184	287
185	296
186	283
187	289
188	265
189	257
190	296
191	265
192	262
193	250
194	234
195	265
196	256
197	230
198	245
199	215
200	220
201	241
202	201
203	215
204	199
205	184
206	216
207	195
208	213
209	212
210	217
211	172
212	183
213	165
214	148
215	139
216	146
217	150
218	138
219	137
220	131
221	145
222	177
223	134
224	159
225	132
226	119
227	147
228	100
229	117
230	121
231	143
232	123
233	119
234	128
235	95
236	108
237	116
238	93
239	103
240	112
241	93
242	96
243	101
244	82
245	89
246	90
247	93
248	86
249	97
250	92
251	87
252	86
253	74
254	73
255	90
256	64
257	72
258	73
259	82
260	61
261	57
262	56
263	66
264	81
265	62
266	61
267	56
268	82
269	55
270	50
271	61
272	56
273	45
274	42
275	46
276	48
277	34
278	51
279	50
280	50
281	48
282	51
283	38
284	44
285	42
286	38
287	36
288	43
289	45
290	33
291	46
292	31
293	42
294	24
295	39
296	31
297	26
298	33
299	26
300	29
301	33
302	34
303	22
304	21
305	26
306	22
307	23
308	33
309	27
310	28
311	17
312	23
313	24
314	25
315	19
316	24
317	19
318	26
319	23
320	18
321	24
322	17
323	18
324	17
325	17
326	26
327	16
328	26
329	21
330	22
331	11
332	21
333	19
334	17
335	24
336	12
337	14
338	15
339	20
340	13
341	20
342	26
343	16
344	7
345	17
346	9
347	10
348	10
349	10
350	14
351	12
352	12
353	10
354	17
355	14
356	19
357	11
358	11
359	11
360	12
361	10
362	9
363	6
364	10
365	8
366	8
367	7
368	7
369	7
370	6
371	11
372	9
373	4
374	5
375	9
376	8
377	2
378	7
379	5
380	7
381	9
382	1
383	3
384	5
385	7
386	6
387	5
388	3
389	3
390	3
391	5
392	3
393	7
394	4
395	5
396	4
397	10
398	9
399	7
400	6
401	6
402	3
403	7
404	8
405	8
406	2
407	5
408	10
409	4
410	4
411	4
412	3
413	8
414	6
415	4
416	4
417	2
418	1
419	3
420	1
421	3
422	7
423	3
424	4
425	4
426	2
427	4
428	4
429	5
430	4
431	1
432	4
433	3
434	3
436	2
437	2
438	2
439	2
440	3
441	1
442	4
443	2
444	5
445	5
446	4
447	2
448	4
449	1
450	1
451	2
452	2
453	1
454	2
455	1
456	3
458	2
459	5
460	5
461	2
462	1
463	1
464	2
465	1
466	2
467	2
470	2
471	3
472	1
473	1
474	1
475	5
477	5
478	1
479	3
480	5
481	2
482	1
483	1
484	2
485	1
486	2
487	2
489	1
491	3
492	2
493	1
494	1
495	2
497	3
498	1
499	2
501	4
502	1
503	2
504	2
505	2
506	1
507	4
509	1
510	4
511	2
512	1
513	3
516	4
517	1
518	1
519	1
520	1
522	1
523	1
524	2
525	1
527	1
529	1
531	1
532	3
533	2
534	3
535	1
536	1
540	2
541	1
542	2
543	2
544	2
546	3
548	1
550	1
552	1
553	3
554	3
555	2
557	2
558	1
559	2
560	2
565	1
566	1
570	1
571	1
572	1
573	2
577	1
578	2
580	1
586	1
589	2
592	1
593	2
598	1
600	1
601	2
602	1
603	1
604	1
605	1
606	2
607	2
608	1
610	2
614	1
619	2
626	1
629	1
631	1
634	1
636	1
639	2
642	1
643	1
644	1
645	2
652	1
653	1
655	1
657	2
663	2
668	1
677	1
688	1
689	1
691	1
693	2
698	4
704	1
708	1
714	1
727	2
728	1
732	1
741	1
743	1
745	2
750	1
752	1
773	2
779	1
785	1
786	1
791	1
854	1
857	1
895	1
921	1
929	1
960	1
963	1
965	1
985	2
991	1
1012	1
1018	1
1024	1
1059	1
1061	1
1064	1
1085	1
1104	1
1299	1
1317	1
1328	1
1379	1
1399	1
1456	1
1463	1
1489	1
